Using pre-set license
Built from '2020.3/staging' branch; Version is '2020.3.5f1 (8095aa901b9b) revision 8426922'; Using compiler version '192528614'; Build Type 'Release'
OS: 'Windows 10 Education; OS build 19042.508; Version 2009; 64bit' Language: 'en' Physical Memory: 32700 MB
BatchMode: 1, IsHumanControllingUs: 0, StartBugReporterOnCrash: 0, Is64bit: 1, IsPro: 0

 COMMAND LINE ARGUMENTS:
C:\Program Files\Unity\Hub\Editor\2020.3.5f1\Editor\Unity.exe
-adb2
-batchMode
-noUpm
-name
AssetImportWorker0
-projectPath
C:/Users/s219042/Documents/GitHub/UnicornProject/UnicornBeta
-logFile
Logs/AssetImportWorker0.log
-srvPort
49154
Successfully changed project path to: C:/Users/s219042/Documents/GitHub/UnicornProject/UnicornBeta
C:/Users/s219042/Documents/GitHub/UnicornProject/UnicornBeta
Using Asset Import Pipeline V2.
Refreshing native plugins compatible for Editor in 116.39 ms, found 1 plugins.
Preloading 0 native plugins for Editor in 0.00 ms.
Initialize engine version: 2020.3.5f1 (8095aa901b9b)
[Subsystems] Discovering subsystems at path C:/Program Files/Unity/Hub/Editor/2020.3.5f1/Editor/Data/Resources/UnitySubsystems
[Subsystems] Discovering subsystems at path C:/Users/s219042/Documents/GitHub/UnicornProject/UnicornBeta/Assets
GfxDevice: creating device client; threaded=0
Direct3D:
    Version:  Direct3D 11.0 [level 11.1]
    Renderer: NVIDIA GeForce GTX 1070 (ID=0x1b81)
    Vendor:   
    VRAM:     8088 MB
    Driver:   27.21.14.5698
Initialize mono
Mono path[0] = 'C:/Program Files/Unity/Hub/Editor/2020.3.5f1/Editor/Data/Managed'
Mono path[1] = 'C:/Program Files/Unity/Hub/Editor/2020.3.5f1/Editor/Data/MonoBleedingEdge/lib/mono/unityjit'
Mono config path = 'C:/Program Files/Unity/Hub/Editor/2020.3.5f1/Editor/Data/MonoBleedingEdge/etc'
Using monoOptions --debugger-agent=transport=dt_socket,embedding=1,server=y,suspend=n,address=127.0.0.1:56764
Begin MonoManager ReloadAssembly
Registering precompiled unity dll's ...
Register platform support module: C:/Program Files/Unity/Hub/Editor/2020.3.5f1/Editor/Data/PlaybackEngines/WebGLSupport/UnityEditor.WebGL.Extensions.dll
Register platform support module: C:/Program Files/Unity/Hub/Editor/2020.3.5f1/Editor/Data/PlaybackEngines/WindowsStandaloneSupport/UnityEditor.WindowsStandalone.Extensions.dll
Registered in 0.002313 seconds.
Native extension for WindowsStandalone target not found
Native extension for WebGL target not found
Refreshing native plugins compatible for Editor in 44.27 ms, found 1 plugins.
Preloading 0 native plugins for Editor in 0.00 ms.
Mono: successfully reloaded assembly
- Completed reload, in  1.434 seconds
Platform modules already initialized, skipping
Registering precompiled user dll's ...
Registered in 0.001163 seconds.
Begin MonoManager ReloadAssembly
Native extension for WindowsStandalone target not found
Native extension for WebGL target not found
Refreshing native plugins compatible for Editor in 53.48 ms, found 1 plugins.
Preloading 0 native plugins for Editor in 0.00 ms.
Mono: successfully reloaded assembly
- Completed reload, in  1.195 seconds
Platform modules already initialized, skipping
========================================================================
Worker process is ready to serve import requests
Launched and connected shader compiler UnityShaderCompiler.exe after 0.05 seconds
Refreshing native plugins compatible for Editor in 0.39 ms, found 1 plugins.
Preloading 0 native plugins for Editor in 0.00 ms.
Unloading 2110 Unused Serialized files (Serialized files now loaded: 0)
System memory in use before: 95.6 MB.
System memory in use after: 95.7 MB.

Unloading 21 unused Assets to reduce memory usage. Loaded Objects now: 2559.
Total: 3.369900 ms (FindLiveObjects: 0.333700 ms CreateObjectMapping: 0.175100 ms MarkObjects: 2.768400 ms  DeleteObjects: 0.091400 ms)

========================================================================
Received Import Request.
  path: Assets/Scripts/Enemy/Circle.prefab
  artifactKey: Guid(99f6dc2b21fadbd4f92e2220715cfec5) Importer(815301076,1909f56bfc062723c751e8b465ee728b)
Start importing Assets/Scripts/Enemy/Circle.prefab using Guid(99f6dc2b21fadbd4f92e2220715cfec5) Importer(815301076,1909f56bfc062723c751e8b465ee728b)  -> (artifact id: '98a2aaa6f1b4638aacfaf9227b3c78d5') in 0.120105 seconds
  Import took 0.125589 seconds .

========================================================================
Received Import Request.
  Time since last request: 9.237443 seconds.
  path: Assets/Scripts/Enemy/WalkingEnemyScripts
  artifactKey: Guid(35f865b3343d5104380a5655b28d0e42) Importer(815301076,1909f56bfc062723c751e8b465ee728b)
Start importing Assets/Scripts/Enemy/WalkingEnemyScripts using Guid(35f865b3343d5104380a5655b28d0e42) Importer(815301076,1909f56bfc062723c751e8b465ee728b)  -> (artifact id: '168a6ee718c0528aa8b6cd4381183d50') in 0.015385 seconds
  Import took 0.019622 seconds .

========================================================================
Received Import Request.
  Time since last request: 3.633156 seconds.
  path: Assets/Scripts/Enemy/WalkingEnemyScripts/WalkingEnemySpawner.cs
  artifactKey: Guid(389fd8cbff0ffcc4dbb8b6020ab61e38) Importer(815301076,1909f56bfc062723c751e8b465ee728b)
Start importing Assets/Scripts/Enemy/WalkingEnemyScripts/WalkingEnemySpawner.cs using Guid(389fd8cbff0ffcc4dbb8b6020ab61e38) Importer(815301076,1909f56bfc062723c751e8b465ee728b)  -> (artifact id: '3321c3074695c2fca01173dd8f100259') in 0.013289 seconds
  Import took 0.018133 seconds .

========================================================================
Received Import Request.
  Time since last request: 56.901302 seconds.
  path: Assets/Scripts/Player/PlayerControls.inputactions
  artifactKey: Guid(24c843f80f8bf9f419845b22daa776be) Importer(815301076,1909f56bfc062723c751e8b465ee728b)
Start importing Assets/Scripts/Player/PlayerControls.inputactions using Guid(24c843f80f8bf9f419845b22daa776be) Importer(815301076,1909f56bfc062723c751e8b465ee728b)  -> (artifact id: 'c5c2e8613fe2e97c2a21646a5dbcca6b') in 0.013645 seconds
  Import took 0.018937 seconds .

========================================================================
Received Prepare
Refreshing native plugins compatible for Editor in 2.75 ms, found 1 plugins.
Preloading 0 native plugins for Editor in 0.00 ms.
Unloading 5 Unused Serialized files (Serialized files now loaded: 0)
System memory in use before: 56.8 MB.
System memory in use after: 57.0 MB.

Unloading 5 unused Assets to reduce memory usage. Loaded Objects now: 2566.
Total: 2.662000 ms (FindLiveObjects: 0.318300 ms CreateObjectMapping: 0.151500 ms MarkObjects: 2.170900 ms  DeleteObjects: 0.020100 ms)

AssetImportWorkerClient::OnTransportError - code=2 error=End of file
